240729 16:04:26 mysqld_safe Starting mariadbd daemon with databases from /var/lib/mysql
2024-07-29 16:04:27 0 [Note] Starting MariaDB 11.2.4-MariaDB-ubu2204 source revision db06c5dd07e6ffd6a569afe6950fa77c2f02f811 as process 267
2024-07-29 16:04:27 0 [ERROR] mariadbd: Can't lock aria control file '/var/lib/mysql/aria_log_control' for exclusive use, error: 11. Will retry for 30 seconds
2024-07-29 16:04:57 0 [ERROR] mariadbd: Got error 'Could not get an exclusive lock; file is probably in use by another process' when trying to use aria control file '/var/lib/mysql/aria_log_control'
2024-07-29 16:04:57 0 [ERROR] Plugin 'Aria' registration as a STORAGE ENGINE failed.
2024-07-29 16:04:57 0 [Note] InnoDB: Compressed tables use zlib 1.2.11
2024-07-29 16:04:57 0 [Note] InnoDB: Number of transaction pools: 1
2024-07-29 16:04:57 0 [Note] InnoDB: Using crc32 + pclmulqdq instructions
2024-07-29 16:04:57 0 [Note] mariadbd: O_TMPFILE is not supported on /tmp (disabling future attempts)
2024-07-29 16:04:57 0 [Warning] mariadbd: io_uring_queue_init() failed with errno 1
2024-07-29 16:04:57 0 [Warning] InnoDB: liburing disabled: falling back to innodb_use_native_aio=OFF
2024-07-29 16:04:57 0 [Note] InnoDB: Initializing buffer pool, total size = 128.000MiB, chunk size = 2.000MiB
2024-07-29 16:04:57 0 [Note] InnoDB: Completed initialization of buffer pool
2024-07-29 16:04:57 0 [Note] InnoDB: Buffered log writes (block size=512 bytes)
2024-07-29 16:04:57 0 [ERROR] InnoDB: Unable to lock ./ibdata1 error: 11
2024-07-29 16:04:57 0 [Note] InnoDB: Check that you do not already have another mariadbd process using the same InnoDB data or log files.
2024-07-29 16:04:57 0 [ERROR] InnoDB: Plugin initialization aborted with error Generic error
2024-07-29 16:04:57 0 [Note] InnoDB: Starting shutdown...
2024-07-29 16:04:57 0 [ERROR] Plugin 'InnoDB' registration as a STORAGE ENGINE failed.
2024-07-29 16:04:57 0 [Note] Plugin 'FEEDBACK' is disabled.
2024-07-29 16:04:57 0 [Note] Plugin 'wsrep-provider' is disabled.
2024-07-29 16:04:57 0 [ERROR] Could not open mysql.plugin table: "Unknown storage engine 'Aria'". Some plugins may be not loaded
2024-07-29 16:04:57 0 [ERROR] Failed to initialize plugins.
2024-07-29 16:04:57 0 [ERROR] Aborting
240729 16:04:57 mysqld_safe mysqld from pid file /run/mysqld/mysqld.pid ended
240729 16:06:11 mysqld_safe Starting mariadbd daemon with databases from /var/lib/mysql
2024-07-29 16:06:11 0 [Note] Starting MariaDB 11.2.4-MariaDB-ubu2204 source revision db06c5dd07e6ffd6a569afe6950fa77c2f02f811 as process 728
2024-07-29 16:06:12 0 [ERROR] mariadbd: Can't lock aria control file '/var/lib/mysql/aria_log_control' for exclusive use, error: 11. Will retry for 30 seconds
2024-07-29 16:06:42 0 [ERROR] mariadbd: Got error 'Could not get an exclusive lock; file is probably in use by another process' when trying to use aria control file '/var/lib/mysql/aria_log_control'
2024-07-29 16:06:42 0 [ERROR] Plugin 'Aria' registration as a STORAGE ENGINE failed.
2024-07-29 16:06:42 0 [Note] InnoDB: Compressed tables use zlib 1.2.11
2024-07-29 16:06:42 0 [Note] InnoDB: Number of transaction pools: 1
2024-07-29 16:06:42 0 [Note] InnoDB: Using crc32 + pclmulqdq instructions
2024-07-29 16:06:42 0 [Note] mariadbd: O_TMPFILE is not supported on /tmp (disabling future attempts)
2024-07-29 16:06:42 0 [Warning] mariadbd: io_uring_queue_init() failed with errno 1
2024-07-29 16:06:42 0 [Warning] InnoDB: liburing disabled: falling back to innodb_use_native_aio=OFF
2024-07-29 16:06:42 0 [Note] InnoDB: Initializing buffer pool, total size = 128.000MiB, chunk size = 2.000MiB
2024-07-29 16:06:42 0 [Note] InnoDB: Completed initialization of buffer pool
2024-07-29 16:06:42 0 [Note] InnoDB: Buffered log writes (block size=512 bytes)
2024-07-29 16:06:42 0 [Note] InnoDB: End of log at LSN=47661
